-------------------------------------------------------------------------------
Test set: junitTests.TestSample
-------------------------------------------------------------------------------
Tests run: 2, Failures: 0, Errors: 1, Skipped: 0, Time elapsed: 5.736 sec <<< FAILURE!
junitTests.TestSample  Time elapsed: 4.878 sec  <<< ERROR!
net.thucydides.core.reports.ReportGenerationFailedError: Failed to generate configuration report
	at net.thucydides.core.reports.ReportService.waitForReportGenerationToFinish(ReportService.java:203)
	at net.thucydides.core.reports.ReportService.generateReportsFor(ReportService.java:180)
	at net.thucydides.core.reports.ReportService.generateReportsFor(ReportService.java:127)
	at net.serenitybdd.junit.runners.SerenityRunner.generateReportsFor(SerenityRunner.java:400)
	at net.serenitybdd.junit.runners.SerenityRunner.generateReports(SerenityRunner.java:295)
	at net.serenitybdd.junit.runners.SerenityRunner.run(SerenityRunner.java:248)
	at org.apache.maven.surefire.junit4.JUnit4Provider.execute(JUnit4Provider.java:252)
	at org.apache.maven.surefire.junit4.JUnit4Provider.executeTestSet(JUnit4Provider.java:141)
	at org.apache.maven.surefire.junit4.JUnit4Provider.invoke(JUnit4Provider.java:112)
	at sun.reflect.NativeMethodAccessorImpl.invoke0(Native Method)
	at sun.reflect.NativeMethodAccessorImpl.invoke(NativeMethodAccessorImpl.java:62)
	at sun.reflect.DelegatingMethodAccessorImpl.invoke(DelegatingMethodAccessorImpl.java:43)
	at java.lang.reflect.Method.invoke(Method.java:498)
	at org.apache.maven.surefire.util.ReflectionUtils.invokeMethodWithArray(ReflectionUtils.java:189)
	at org.apache.maven.surefire.booter.ProviderFactory$ProviderProxy.invoke(ProviderFactory.java:165)
	at org.apache.maven.surefire.booter.ProviderFactory.invokeProvider(ProviderFactory.java:85)
	at org.apache.maven.surefire.booter.ForkedBooter.runSuitesInProcess(ForkedBooter.java:115)
	at org.apache.maven.surefire.booter.ForkedBooter.main(ForkedBooter.java:75)
Caused by: java.util.concurrent.ExecutionException: net.thucydides.core.reports.ReportGenerationFailedError: Failed to generate reports using net.thucydides.core.reports.html.HtmlAcceptanceTestReporter@bbf9e07
	at java.util.concurrent.FutureTask.report(FutureTask.java:122)
	at java.util.concurrent.FutureTask.get(FutureTask.java:192)
	at net.thucydides.core.reports.ReportService.waitForReportGenerationToFinish(ReportService.java:200)
	... 17 more
Caused by: net.thucydides.core.reports.ReportGenerationFailedError: Failed to generate reports using net.thucydides.core.reports.html.HtmlAcceptanceTestReporter@bbf9e07
	at net.thucydides.core.reports.ReportService.generateReportFor(ReportService.java:240)
	at net.thucydides.core.reports.ReportService.lambda$generateReportsFor$0(ReportService.java:175)
	at java.util.concurrent.Executors$RunnableAdapter.call(Executors.java:511)
	at java.util.concurrent.FutureTask.run(FutureTask.java:266)
	at java.util.concurrent.ThreadPoolExecutor.runWorker(ThreadPoolExecutor.java:1149)
	at java.util.concurrent.ThreadPoolExecutor$Worker.run(ThreadPoolExecutor.java:624)
	at java.lang.Thread.run(Thread.java:748)
Caused by: net.thucydides.core.resources.ResourceCopyingError: Couldn't close the zip file C:\Users\equifaxmind\.m2\repository\org\jruby\jruby-complete\1.7.26\jruby-complete-1.7.26.jar
	at net.thucydides.core.resources.ResourceList.getResourcesFromJarFile(ResourceList.java:151)
	at net.thucydides.core.resources.ResourceList.getResources(ResourceList.java:89)
	at net.thucydides.core.resources.ResourceList.systemPropertiesClasspathElements(ResourceList.java:79)
	at net.thucydides.core.resources.ResourceList.list(ResourceList.java:51)
	at net.thucydides.core.reports.html.HtmlResourceCopier.to(HtmlResourceCopier.java:41)
	at net.thucydides.core.reports.html.HtmlReporter.copyResourcesToOutputDirectory(HtmlReporter.java:74)
	at net.thucydides.core.reports.html.HtmlAcceptanceTestReporter.generateReportFor(HtmlAcceptanceTestReporter.java:122)
	at net.thucydides.core.reports.ReportService.generateReportFor(ReportService.java:238)
	... 6 more
Caused by: java.util.zip.ZipException: invalid CEN header (bad signature)
	at java.util.zip.ZipFile.open(Native Method)
	at java.util.zip.ZipFile.<init>(ZipFile.java:225)
	at java.util.zip.ZipFile.<init>(ZipFile.java:155)
	at java.util.zip.ZipFile.<init>(ZipFile.java:169)
	at net.thucydides.core.resources.ResourceList.loadZipFileWithMaxRetries(ResourceList.java:117)
	at net.thucydides.core.resources.ResourceList.loadZipFileWithMaxRetries(ResourceList.java:127)
	at net.thucydides.core.resources.ResourceList.loadZipFileWithMaxRetries(ResourceList.java:127)
	at net.thucydides.core.resources.ResourceList.loadZipFileWithMaxRetries(ResourceList.java:127)
	at net.thucydides.core.resources.ResourceList.zipFileFor(ResourceList.java:112)
	at net.thucydides.core.resources.ResourceList.getResourcesFromJarFile(ResourceList.java:135)
	... 13 more
Caused by: java.util.concurrent.ExecutionException: net.thucydides.core.reports.ReportGenerationFailedError: Failed to generate reports using net.thucydides.core.reports.html.HtmlAcceptanceTestReporter@bbf9e07
	at java.util.concurrent.FutureTask.report(FutureTask.java:122)
	at java.util.concurrent.FutureTask.get(FutureTask.java:192)
	at net.thucydides.core.reports.ReportService.waitForReportGenerationToFinish(ReportService.java:200)
	... 17 more
Caused by: net.thucydides.core.reports.ReportGenerationFailedError: Failed to generate reports using net.thucydides.core.reports.html.HtmlAcceptanceTestReporter@bbf9e07
	at net.thucydides.core.reports.ReportService.generateReportFor(ReportService.java:240)
	at net.thucydides.core.reports.ReportService.lambda$generateReportsFor$0(ReportService.java:175)
	at java.util.concurrent.Executors$RunnableAdapter.call(Executors.java:511)
	at java.util.concurrent.FutureTask.run(FutureTask.java:266)
	at java.util.concurrent.ThreadPoolExecutor.runWorker(ThreadPoolExecutor.java:1149)
	at java.util.concurrent.ThreadPoolExecutor$Worker.run(ThreadPoolExecutor.java:624)
	at java.lang.Thread.run(Thread.java:748)
Caused by: net.thucydides.core.resources.ResourceCopyingError: Couldn't close the zip file C:\Users\equifaxmind\.m2\repository\org\jruby\jruby-complete\1.7.26\jruby-complete-1.7.26.jar
	at net.thucydides.core.resources.ResourceList.getResourcesFromJarFile(ResourceList.java:151)
	at net.thucydides.core.resources.ResourceList.getResources(ResourceList.java:89)
	at net.thucydides.core.resources.ResourceList.systemPropertiesClasspathElements(ResourceList.java:79)
	at net.thucydides.core.resources.ResourceList.list(ResourceList.java:51)
	at net.thucydides.core.reports.html.HtmlResourceCopier.to(HtmlResourceCopier.java:41)
	at net.thucydides.core.reports.html.HtmlReporter.copyResourcesToOutputDirectory(HtmlReporter.java:74)
	at net.thucydides.core.reports.html.HtmlAcceptanceTestReporter.generateReportFor(HtmlAcceptanceTestReporter.java:122)
	at net.thucydides.core.reports.ReportService.generateReportFor(ReportService.java:238)
	... 6 more
Caused by: java.util.zip.ZipException: invalid CEN header (bad signature)
	at java.util.zip.ZipFile.open(Native Method)
	at java.util.zip.ZipFile.<init>(ZipFile.java:225)
	at java.util.zip.ZipFile.<init>(ZipFile.java:155)
	at java.util.zip.ZipFile.<init>(ZipFile.java:169)
	at net.thucydides.core.resources.ResourceList.loadZipFileWithMaxRetries(ResourceList.java:117)
	at net.thucydides.core.resources.ResourceList.loadZipFileWithMaxRetries(ResourceList.java:127)
	at net.thucydides.core.resources.ResourceList.loadZipFileWithMaxRetries(ResourceList.java:127)
	at net.thucydides.core.resources.ResourceList.loadZipFileWithMaxRetries(ResourceList.java:127)
	at net.thucydides.core.resources.ResourceList.zipFileFor(ResourceList.java:112)
	at net.thucydides.core.resources.ResourceList.getResourcesFromJarFile(ResourceList.java:135)
	... 13 more

